<?xml version="1.0" encoding="UTF-8"?>
<testng-results skipped="0" failed="0" ignored="0" total="5" passed="5">
  <reporter-output>
  </reporter-output>
  <suite name="Default suite" duration-ms="152344" started-at="2020-09-09T09:59:06Z" finished-at="2020-09-09T10:01:38Z">
    <groups>
    </groups>
    <test name="Default test" duration-ms="152344" started-at="2020-09-09T09:59:06Z" finished-at="2020-09-09T10:01:38Z">
      <class name="Testcases.TestSuitForNewModelVersion">
        <test-method status="PASS" signature="setUp()[pri:0, instance:Testcases.TestSuitForNewModelVersion@ae45eb6]" name="setUp" is-config="true" duration-ms="24" started-at="2020-09-09T09:59:06Z" finished-at="2020-09-09T09:59:06Z">
          <reporter-output>
          </reporter-output>
        </test-method> <!-- setUp -->
        <test-method status="PASS" signature="testChrome()[pri:1, instance:Testcases.TestSuitForNewModelVersion@ae45eb6]" name="testChrome" duration-ms="14316" started-at="2020-09-09T09:59:06Z" finished-at="2020-09-09T09:59:20Z">
          <reporter-output>
          </reporter-output>
        </test-method> <!-- testChrome -->
        <test-method status="PASS" signature="loginToRA()[pri:2, instance:Testcases.TestSuitForNewModelVersion@ae45eb6]" name="loginToRA" duration-ms="49165" started-at="2020-09-09T09:59:20Z" finished-at="2020-09-09T10:00:09Z">
          <reporter-output>
          </reporter-output>
        </test-method> <!-- loginToRA -->
        <test-method status="PASS" signature="Switch_tenant1()[pri:3, instance:Testcases.TestSuitForNewModelVersion@ae45eb6]" name="Switch_tenant1" duration-ms="5626" started-at="2020-09-09T10:00:09Z" finished-at="2020-09-09T10:00:15Z">
          <reporter-output>
          </reporter-output>
        </test-method> <!-- Switch_tenant1 -->
        <test-method status="PASS" signature="managePageVerification()[pri:7, instance:Testcases.TestSuitForNewModelVersion@ae45eb6]" name="managePageVerification" duration-ms="80211" started-at="2020-09-09T10:00:15Z" finished-at="2020-09-09T10:01:35Z">
          <reporter-output>
          </reporter-output>
        </test-method> <!-- managePageVerification -->
        <test-method status="PASS" signature="viewPage1()[pri:10, instance:Testcases.TestSuitForNewModelVersion@ae45eb6]" name="viewPage1" duration-ms="2957" started-at="2020-09-09T10:01:35Z" finished-at="2020-09-09T10:01:38Z">
          <reporter-output>
          </reporter-output>
        </test-method> <!-- viewPage1 -->
      </class> <!-- Testcases.TestSuitForNewModelVersion -->
    </test> <!-- Default test -->
  </suite> <!-- Default suite -->
</testng-results>
